2025-07-09 20:05:07,128 - INFO - Watchdog service initialized
2025-07-09 20:05:07,129 - INFO - Target script: /home/ods/Desktop/sarit/DEMODAY/run_integrated_detection_system.sh
2025-07-09 20:05:07,129 - INFO - Camera only mode: True
2025-07-09 20:05:07,129 - INFO - Restart delay: 5s
2025-07-09 20:05:07,129 - INFO - Max restarts: unlimited
2025-07-09 20:05:07,129 - INFO - Starting watchdog service...
2025-07-09 20:05:07,129 - INFO - Starting detection system: /home/ods/Desktop/sarit/DEMODAY/run_integrated_detection_system.sh --camera-only
2025-07-09 20:05:07,133 - INFO - Detection system started with PID: 5283
2025-07-09 20:05:07,137 - INFO - Detection: Checking dependencies...
2025-07-09 20:05:09,441 - INFO - Detection: All dependencies verified.
2025-07-09 20:05:13,546 - INFO - Detection: Setting up audio system...
2025-07-09 20:05:14,047 - INFO - Detection: Setting up audio system for OAK-D Detection System...
2025-07-09 20:05:14,548 - INFO - Detection: ================================
2025-07-09 20:05:15,049 - INFO - Detection: Audio System Setup
2025-07-09 20:05:15,551 - INFO - Detection: ================================
2025-07-09 20:05:16,052 - INFO - Detection: PulseAudio is running
2025-07-09 20:05:16,554 - INFO - Detection: Available audio devices:
2025-07-09 20:05:17,055 - INFO - Detection: 0	alsa_output.usb-Generic_USB2.0_Device_20121120222016-00.analog-stereo	module-alsa-card.c	s16le 2ch 48000Hz	IDLE
2025-07-09 20:05:17,556 - INFO - Detection: 1	alsa_output.platform-sound.analog-stereo	module-alsa-card.c	s16le 2ch 44100Hz	SUSPENDED
2025-07-09 20:05:18,058 - INFO - Detection: 2	alsa_output.platform-3510000.hda.hdmi-stereo	module-alsa-card.c	s16le 2ch 44100Hz	SUSPENDED
2025-07-09 20:05:18,559 - INFO - Detection: Setting default audio sink to: alsa_output.usb-Generic_USB2.0_Device_20121120222016-00.analog-stereo
2025-07-09 20:05:19,060 - INFO - Detection: Audio environment variables set:
2025-07-09 20:05:19,561 - INFO - Detection: SDL_AUDIODRIVER=pulse
2025-07-09 20:05:20,064 - INFO - Detection: PULSE_RUNTIME_PATH=/run/user/1000/pulse
2025-07-09 20:05:20,564 - INFO - Detection: ================================
2025-07-09 20:05:21,066 - INFO - Detection: Audio setup complete
2025-07-09 20:05:21,567 - INFO - Detection: ================================
2025-07-09 20:05:22,068 - INFO - Detection: 
2025-07-09 20:05:22,569 - INFO - Detection: ==================================================================
2025-07-09 20:05:23,070 - INFO - Detection: INTEGRATED OAK-D DETECTION SYSTEM
2025-07-09 20:05:23,571 - INFO - Detection: ==================================================================
2025-07-09 20:05:24,072 - INFO - Detection: Date: Wed 09 Jul 2025 08:05:09 PM EDT
2025-07-09 20:05:24,573 - INFO - Detection: System: Linux ods-desktop 5.10.192-tegra #1 SMP PREEMPT Mon Feb 19 20:19:53 PST 2024 aarch64 aarch64 aarch64 GNU/Linux
2025-07-09 20:05:25,074 - INFO - Detection: Python: Python 3.8.10
2025-07-09 20:05:25,576 - INFO - Detection: Working Directory: /home/ods/Desktop/sarit/DEMODAY
2025-07-09 20:05:26,077 - INFO - Detection: 
2025-07-09 20:05:26,578 - INFO - Detection: Configuration:
2025-07-09 20:05:27,079 - INFO - Detection: • Detection Model: ssd-mobilenet-v2
2025-07-09 20:05:27,580 - INFO - Detection: • Sound Alerts: ENABLED
2025-07-09 20:05:28,081 - INFO - Detection: • Visual Display: ENABLED
2025-07-09 20:05:28,582 - INFO - Detection: • Emulator Communication: DISABLED
2025-07-09 20:05:29,083 - INFO - Detection: ==================================================================
2025-07-09 20:05:29,584 - INFO - Detection: 
2025-07-09 20:05:30,086 - INFO - Detection: Starting integrated detection system...
2025-07-09 20:05:30,587 - INFO - Detection: jetson.inference -- detectNet loading custom model '(null)'
2025-07-09 20:05:55,719 - INFO - Detection: 
2025-07-09 20:05:56,220 - WARNING - Detection system terminated with code 0 after 49.1s
2025-07-09 20:05:56,221 - INFO - Final output: pygame 2.6.1 (SDL 2.28.4, Python 3.8.10)
Hello from the pygame community. https://www.pygame.org/contribute.html
Loading detection model: ssd-mobilenet-v2
Initializing sound system...
Sound initialization attempt 1/3
Testing sound playback...
Sound system initialized successfully

============================================================
INTEGRATED OAK-D DETECTION SYSTEM
============================================================
• Object Detection: ssd-mobilenet-v2
• Sound Alerts: ENABLED
• Emulator Communication: DISABLED
• Display Output: ENABLED
• UVC Output: ENABLED
============================================================
System running... Press 'q' to quit
FPS: 24 | Objects: 0 | Sound: OFF
FPS: 30 | Objects: 0 | Sound: OFF
FPS: 30 | Objects: 0 | Sound: OFF
FPS: 31 | Objects: 0 | Sound: OFF
FPS: 31 | Objects: 0 | Sound: OFF
FPS: 31 | Objects: 0 | Sound: OFF
FPS: 30 | Objects: 0 | Sound: OFF
FPS: 31 | Objects: 0 | Sound: OFF
FPS: 31 | Objects: 0 | Sound: OFF
FPS: 31 | Objects: 1 | Sound: ON
FPS: 31 | Objects: 1 | Sound: ON
FPS: 31 | Objects: 0 | Sound: OFF
FPS: 30 | Objects: 0 | Sound: OFF
FPS: 31 | Objects: 0 | Sound: OFF
FPS: 31 | Objects: 0 | Sound: OFF
FPS: 31 | Objects: 0 | Sound: OFF
FPS: 30 | Objects: 1 | Sound: ON
FPS: 30 | Objects: 1 | Sound: ON
FPS: 31 | Objects: 0 | Sound: OFF
FPS: 31 | Objects: 0 | Sound: OFF
FPS: 30 | Objects: 1 | Sound: ON
FPS: 31 | Objects: 1 | Sound: ON
FPS: 30 | Objects: 1 | Sound: ON
FPS: 31 | Objects: 1 | Sound: ON
FPS: 30 | Objects: 1 | Sound: ON
FPS: 31 | Objects: 0 | Sound: OFF
FPS: 31 | Objects: 0 | Sound: OFF
FPS: 31 | Objects: 0 | Sound: OFF
FPS: 30 | Objects: 0 | Sound: OFF
FPS: 31 | Objects: 0 | Sound: OFF
FPS: 30 | Objects: 0 | Sound: OFF
System shutdown complete.
output 0 NMS  binding index:  1
[TRT]    binding to output 0 NMS  dims (b=1 c=1 h=100 w=7) size=2800
[TRT]    binding to output 1 NMS_1  binding index:  2
[TRT]    binding to output 1 NMS_1  dims (b=1 c=1 h=1 w=1) size=4
[TRT]    
[0;32m[TRT]    device GPU, /usr/local/bin/networks/SSD-Mobilenet-v2/ssd_mobilenet_v2_coco.uff initialized.
[0m[TRT]    W = 7  H = 100  C = 1
[TRT]    detectNet -- maximum bounding boxes:   100
[TRT]    loaded 91 class labels
[TRT]    detectNet -- number of object classes:  91
[TRT]    loaded 0 class colors
[0;33m[TRT]    didn't load expected number of class colors  (0 of 91)
[0m[0;33m[TRT]    filling in remaining 91 class colors with default colors
[0mSystem shutdown complete.
2025-07-09 20:05:56,221 - INFO - Waiting 5s before restart #2...
2025-07-09 20:06:01,227 - INFO - Starting detection system: /home/ods/Desktop/sarit/DEMODAY/run_integrated_detection_system.sh --camera-only
2025-07-09 20:06:01,232 - INFO - Detection system started with PID: 5763
2025-07-09 20:06:01,236 - INFO - Detection: Checking dependencies...
2025-07-09 20:06:03,539 - INFO - Detection: All dependencies verified.
2025-07-09 20:06:07,124 - INFO - Detection: 
2025-07-09 20:06:07,628 - INFO - Detection: ==================================================================
2025-07-09 20:06:08,129 - INFO - Detection: INTEGRATED OAK-D DETECTION SYSTEM
2025-07-09 20:06:08,630 - INFO - Detection: ==================================================================
2025-07-09 20:06:09,131 - INFO - Detection: Date: Wed 09 Jul 2025 08:06:03 PM EDT
2025-07-09 20:06:09,632 - INFO - Detection: System: Linux ods-desktop 5.10.192-tegra #1 SMP PREEMPT Mon Feb 19 20:19:53 PST 2024 aarch64 aarch64 aarch64 GNU/Linux
2025-07-09 20:06:10,133 - INFO - Detection: Python: Python 3.8.10
2025-07-09 20:06:10,634 - INFO - Detection: Working Directory: /home/ods/Desktop/sarit/DEMODAY
2025-07-09 20:06:11,136 - INFO - Detection: 
2025-07-09 20:06:11,637 - INFO - Detection: Configuration:
2025-07-09 20:06:12,138 - INFO - Detection: • Detection Model: ssd-mobilenet-v2
2025-07-09 20:06:12,639 - INFO - Detection: • Sound Alerts: ENABLED
2025-07-09 20:06:13,140 - INFO - Detection: • Visual Display: ENABLED
2025-07-09 20:06:13,641 - INFO - Detection: • Emulator Communication: DISABLED
2025-07-09 20:06:14,142 - INFO - Detection: ==================================================================
2025-07-09 20:06:14,645 - INFO - Detection: 
2025-07-09 20:06:15,146 - INFO - Detection: Starting integrated detection system...
2025-07-09 20:06:15,647 - INFO - Detection: jetson.inference -- detectNet loading custom model '(null)'
2025-07-09 20:06:19,743 - INFO - Received signal 15, shutting down...
2025-07-09 20:06:19,744 - INFO - Stopping detection system (PID: 5763)...
2025-07-09 20:06:19,758 - INFO - Detection system stopped
2025-07-09 20:06:19,760 - INFO - Watchdog service stopped
